<?xml version="1.0" encoding="UTF-8"?>
<!-- Generated by org.testng.reporters.JUnitXMLReporter -->
<testsuite ignored="0" hostname="Domashniy" failures="1" tests="6" name="Surefire test" time="118.505" errors="0" timestamp="22 дек. 2019 18:45:51 GMT">
  <testcase classname="Tests.TestAbilityToBuyABrush" name="buyABrush" time="18.293">
    <failure type="org.openqa.selenium.TimeoutException" message="Expected condition failed: waiting for PageObjects.CatalogPage$1@1e6bd263 (tried for 10 second(s) with 500 MILLISECONDS interval)">
      <![CDATA[org.openqa.selenium.TimeoutException: Expected condition failed: waiting for PageObjects.CatalogPage$1@1e6bd263 (tried for 10 second(s) with 500 MILLISECONDS interval)
at org.openqa.selenium.support.ui.WebDriverWait.timeoutException(WebDriverWait.java:82)
at org.openqa.selenium.support.ui.FluentWait.until(FluentWait.java:231)
at PageObjects.CatalogPage.scrollAndClick(CatalogPage.java:40)
at Tests.TestAbilityToBuyABrush.buyABrush(TestAbilityToBuyABrush.java:21)
Caused by: org.openqa.selenium.NoSuchElementException: no such element: Unable to locate element: {"method":"xpath","selector":"//*[text() = 'Показать ещё']"}
  (Session info: chrome=79.0.3945.88)
For documentation on this error, please visit: http://seleniumhq.org/exceptions/no_such_element.html
Build info: version: '3.8.1', revision: '6e95a6684b', time: '2017-12-01T18:33:54.468Z'
System info: host: 'DOMASHNIY', ip: '192.168.1.49', os.name: 'Windows 10', os.arch: 'amd64', os.version: '10.0', java.version: '13.0.1'
Driver info: org.openqa.selenium.chrome.ChromeDriver
Capabilities {acceptInsecureCerts: false, browserName: chrome, browserVersion: 79.0.3945.88, chrome: {chromedriverVersion: 79.0.3945.36 (3582db32b3389..., userDataDir: C:\Users\Andrey\AppData\Loc...}, goog:chromeOptions: {debuggerAddress: localhost:51843}, javascriptEnabled: true, networkConnectionEnabled: false, pageLoadStrategy: normal, platform: WINDOWS, platformName: WINDOWS, proxy: Proxy(), setWindowRect: true, strictFileInteractability: false, timeouts: {implicit: 0, pageLoad: 300000, script: 30000}, unhandledPromptBehavior: dismiss and notify}
Session ID: dd74f2580f88b586888e6d7a2e017ba4
*** Element info: {Using=xpath, value=//*[text() = 'Показать ещё']}
at org.openqa.selenium.remote.http.W3CHttpResponseCodec.createException(W3CHttpResponseCodec.java:187)
at org.openqa.selenium.remote.http.W3CHttpResponseCodec.decode(W3CHttpResponseCodec.java:122)
at org.openqa.selenium.remote.http.W3CHttpResponseCodec.decode(W3CHttpResponseCodec.java:49)
at org.openqa.selenium.remote.HttpCommandExecutor.execute(HttpCommandExecutor.java:164)
at org.openqa.selenium.remote.service.DriverCommandExecutor.execute(DriverCommandExecutor.java:83)
at org.openqa.selenium.remote.RemoteWebDriver.execute(RemoteWebDriver.java:601)
at org.openqa.selenium.remote.RemoteWebDriver.findElement(RemoteWebDriver.java:371)
at org.openqa.selenium.remote.RemoteWebDriver.findElementByXPath(RemoteWebDriver.java:473)
at org.openqa.selenium.By$ByXPath.findElement(By.java:361)
at org.openqa.selenium.remote.RemoteWebDriver.findElement(RemoteWebDriver.java:363)
at PageObjects.CatalogPage$1.apply(CatalogPage.java:42)
at PageObjects.CatalogPage$1.apply(CatalogPage.java:40)
at org.openqa.selenium.support.ui.FluentWait.until(FluentWait.java:208)
... 31 more
... Removed 33 stack frames]]>
    </failure>
  </testcase> <!-- buyABrush -->
  <testcase classname="Tests.TestAbilityToChangeCity" name="changeCity" time="6.342"/>
  <testcase classname="Tests.TestAbilityToChangeCity" name="changeCity" time="5.686"/>
  <testcase classname="Tests.TestAbilityToChangeCity" name="changeCity" time="5.915"/>
  <testcase classname="Tests.TestAbilityToChangeCity" name="changeCity" time="6.293"/>
  <testcase classname="Tests.TestAbilityToLogin" name="login" time="9.864"/>
</testsuite> <!-- Surefire test -->
