<?xml version="1.0" encoding="UTF-8"?>
<testng-results ignored="0" total="6" passed="5" failed="1" skipped="0">
  <reporter-output>
  </reporter-output>
  <suite started-at="2019-12-22T18:43:53Z" name="Surefire suite" finished-at="2019-12-22T18:45:51Z" duration-ms="118505">
    <groups>
    </groups>
    <test started-at="2019-12-22T18:43:53Z" name="Surefire test" finished-at="2019-12-22T18:45:51Z" duration-ms="118505">
      <class name="Tests.TestAbilityToBuyABrush">
        <test-method is-config="true" signature="beforeClass()[pri:0, instance:Tests.TestAbilityToBuyABrush@7b22ec89]" started-at="2019-12-22T18:43:53Z" name="beforeClass" finished-at="2019-12-22T18:44:03Z" duration-ms="10628" status="PASS">
          <reporter-output>
          </reporter-output>
        </test-method> <!-- beforeClass -->
        <test-method signature="buyABrush()[pri:0, instance:Tests.TestAbilityToBuyABrush@7b22ec89]" started-at="2019-12-22T18:44:04Z" name="buyABrush" finished-at="2019-12-22T18:44:22Z" duration-ms="18293" status="FAIL">
          <exception class="org.openqa.selenium.TimeoutException">
            <message>
              <![CDATA[Expected condition failed: waiting for PageObjects.CatalogPage$1@1e6bd263 (tried for 10 second(s) with 500 MILLISECONDS interval)]]>
            </message>
            <full-stacktrace>
              <![CDATA[org.openqa.selenium.TimeoutException: Expected condition failed: waiting for PageObjects.CatalogPage$1@1e6bd263 (tried for 10 second(s) with 500 MILLISECONDS interval)
at org.openqa.selenium.support.ui.WebDriverWait.timeoutException(WebDriverWait.java:82)
at org.openqa.selenium.support.ui.FluentWait.until(FluentWait.java:231)
at PageObjects.CatalogPage.scrollAndClick(CatalogPage.java:40)
at Tests.TestAbilityToBuyABrush.buyABrush(TestAbilityToBuyABrush.java:21)
at java.base/jdk.internal.reflect.NativeMethodAccessorImpl.invoke0(Native Method)
at java.base/jdk.internal.reflect.NativeMethodAccessorImpl.invoke(NativeMethodAccessorImpl.java:62)
at java.base/jdk.internal.reflect.DelegatingMethodAccessorImpl.invoke(DelegatingMethodAccessorImpl.java:43)
at java.base/java.lang.reflect.Method.invoke(Method.java:567)
at org.testng.internal.MethodInvocationHelper.invokeMethod(MethodInvocationHelper.java:124)
at org.testng.internal.Invoker.invokeMethod(Invoker.java:583)
at org.testng.internal.Invoker.invokeTestMethod(Invoker.java:719)
at org.testng.internal.Invoker.invokeTestMethods(Invoker.java:989)
at org.testng.internal.TestMethodWorker.invokeTestMethods(TestMethodWorker.java:125)
at org.testng.internal.TestMethodWorker.run(TestMethodWorker.java:109)
at org.testng.TestRunner.privateRun(TestRunner.java:648)
at org.testng.TestRunner.run(TestRunner.java:505)
at org.testng.SuiteRunner.runTest(SuiteRunner.java:455)
at org.testng.SuiteRunner.runSequentially(SuiteRunner.java:450)
at org.testng.SuiteRunner.privateRun(SuiteRunner.java:415)
at org.testng.SuiteRunner.run(SuiteRunner.java:364)
at org.testng.SuiteRunnerWorker.runSuite(SuiteRunnerWorker.java:52)
at org.testng.SuiteRunnerWorker.run(SuiteRunnerWorker.java:84)
at org.testng.TestNG.runSuitesSequentially(TestNG.java:1208)
at org.testng.TestNG.runSuitesLocally(TestNG.java:1137)
at org.testng.TestNG.runSuites(TestNG.java:1049)
at org.testng.TestNG.run(TestNG.java:1017)
at org.apache.maven.surefire.testng.TestNGExecutor.run(TestNGExecutor.java:132)
at org.apache.maven.surefire.testng.TestNGDirectoryTestSuite.executeMulti(TestNGDirectoryTestSuite.java:193)
at org.apache.maven.surefire.testng.TestNGDirectoryTestSuite.execute(TestNGDirectoryTestSuite.java:94)
at org.apache.maven.surefire.testng.TestNGProvider.invoke(TestNGProvider.java:147)
at org.apache.maven.surefire.booter.ForkedBooter.invokeProviderInSameClassLoader(ForkedBooter.java:290)
at org.apache.maven.surefire.booter.ForkedBooter.runSuitesInProcess(ForkedBooter.java:242)
at org.apache.maven.surefire.booter.ForkedBooter.main(ForkedBooter.java:121)
Caused by: org.openqa.selenium.NoSuchElementException: no such element: Unable to locate element: {"method":"xpath","selector":"//*[text() = 'Показать ещё']"}
  (Session info: chrome=79.0.3945.88)
For documentation on this error, please visit: http://seleniumhq.org/exceptions/no_such_element.html
Build info: version: '3.8.1', revision: '6e95a6684b', time: '2017-12-01T18:33:54.468Z'
System info: host: 'DOMASHNIY', ip: '192.168.1.49', os.name: 'Windows 10', os.arch: 'amd64', os.version: '10.0', java.version: '13.0.1'
Driver info: org.openqa.selenium.chrome.ChromeDriver
Capabilities {acceptInsecureCerts: false, browserName: chrome, browserVersion: 79.0.3945.88, chrome: {chromedriverVersion: 79.0.3945.36 (3582db32b3389..., userDataDir: C:\Users\Andrey\AppData\Loc...}, goog:chromeOptions: {debuggerAddress: localhost:51843}, javascriptEnabled: true, networkConnectionEnabled: false, pageLoadStrategy: normal, platform: WINDOWS, platformName: WINDOWS, proxy: Proxy(), setWindowRect: true, strictFileInteractability: false, timeouts: {implicit: 0, pageLoad: 300000, script: 30000}, unhandledPromptBehavior: dismiss and notify}
Session ID: dd74f2580f88b586888e6d7a2e017ba4
*** Element info: {Using=xpath, value=//*[text() = 'Показать ещё']}
at jdk.internal.reflect.GeneratedConstructorAccessor9.newInstance(Unknown Source)
at java.base/jdk.internal.reflect.DelegatingConstructorAccessorImpl.newInstance(DelegatingConstructorAccessorImpl.java:45)
at java.base/java.lang.reflect.Constructor.newInstanceWithCaller(Constructor.java:500)
at java.base/java.lang.reflect.Constructor.newInstance(Constructor.java:481)
at org.openqa.selenium.remote.http.W3CHttpResponseCodec.createException(W3CHttpResponseCodec.java:187)
at org.openqa.selenium.remote.http.W3CHttpResponseCodec.decode(W3CHttpResponseCodec.java:122)
at org.openqa.selenium.remote.http.W3CHttpResponseCodec.decode(W3CHttpResponseCodec.java:49)
at org.openqa.selenium.remote.HttpCommandExecutor.execute(HttpCommandExecutor.java:164)
at org.openqa.selenium.remote.service.DriverCommandExecutor.execute(DriverCommandExecutor.java:83)
at org.openqa.selenium.remote.RemoteWebDriver.execute(RemoteWebDriver.java:601)
at org.openqa.selenium.remote.RemoteWebDriver.findElement(RemoteWebDriver.java:371)
at org.openqa.selenium.remote.RemoteWebDriver.findElementByXPath(RemoteWebDriver.java:473)
at org.openqa.selenium.By$ByXPath.findElement(By.java:361)
at org.openqa.selenium.remote.RemoteWebDriver.findElement(RemoteWebDriver.java:363)
at PageObjects.CatalogPage$1.apply(CatalogPage.java:42)
at PageObjects.CatalogPage$1.apply(CatalogPage.java:40)
at org.openqa.selenium.support.ui.FluentWait.until(FluentWait.java:208)
... 31 more
]]>
            </full-stacktrace>
          </exception> <!-- org.openqa.selenium.TimeoutException -->
          <reporter-output>
          </reporter-output>
        </test-method> <!-- buyABrush -->
        <test-method is-config="true" signature="catchFailure(org.testng.ITestResult)[pri:0, instance:Tests.TestAbilityToBuyABrush@7b22ec89]" started-at="2019-12-22T18:44:22Z" name="catchFailure" finished-at="2019-12-22T18:44:23Z" duration-ms="721" status="PASS">
          <params>
            <param index="0">
              <value>
                <![CDATA[[TestResult name=buyABrush status=FAILURE method=TestAbilityToBuyABrush.buyABrush()[pri:0, instance:Tests.TestAbilityToBuyABrush@7b22ec89] output={null}]]]>
              </value>
            </param>
          </params>
          <reporter-output>
          </reporter-output>
        </test-method> <!-- catchFailure -->
        <test-method is-config="true" signature="finish()[pri:0, instance:Tests.TestAbilityToBuyABrush@7b22ec89]" started-at="2019-12-22T18:44:23Z" name="finish" finished-at="2019-12-22T18:44:24Z" duration-ms="1031" status="PASS">
          <reporter-output>
          </reporter-output>
        </test-method> <!-- finish -->
      </class> <!-- Tests.TestAbilityToBuyABrush -->
      <class name="Tests.TestAbilityToLogin">
        <test-method is-config="true" signature="beforeClass()[pri:0, instance:Tests.TestAbilityToLogin@2228db21]" started-at="2019-12-22T18:45:31Z" name="beforeClass" finished-at="2019-12-22T18:45:40Z" duration-ms="9811" status="PASS">
          <reporter-output>
          </reporter-output>
        </test-method> <!-- beforeClass -->
        <test-method signature="login()[pri:0, instance:Tests.TestAbilityToLogin@2228db21]" started-at="2019-12-22T18:45:40Z" name="login" finished-at="2019-12-22T18:45:50Z" duration-ms="9864" status="PASS">
          <reporter-output>
          </reporter-output>
        </test-method> <!-- login -->
        <test-method is-config="true" signature="catchFailure(org.testng.ITestResult)[pri:0, instance:Tests.TestAbilityToLogin@2228db21]" started-at="2019-12-22T18:45:50Z" name="catchFailure" finished-at="2019-12-22T18:45:50Z" duration-ms="0" status="PASS">
          <params>
            <param index="0">
              <value>
                <![CDATA[[TestResult name=login status=SUCCESS method=TestAbilityToLogin.login()[pri:0, instance:Tests.TestAbilityToLogin@2228db21] output={null}]]]>
              </value>
            </param>
          </params>
          <reporter-output>
          </reporter-output>
        </test-method> <!-- catchFailure -->
        <test-method is-config="true" signature="finish()[pri:0, instance:Tests.TestAbilityToLogin@2228db21]" started-at="2019-12-22T18:45:50Z" name="finish" finished-at="2019-12-22T18:45:51Z" duration-ms="945" status="PASS">
          <reporter-output>
          </reporter-output>
        </test-method> <!-- finish -->
      </class> <!-- Tests.TestAbilityToLogin -->
      <class name="Tests.TestAbilityToChangeCity">
        <test-method is-config="true" signature="beforeClass()[pri:0, instance:Tests.TestAbilityToChangeCity@790132f7]" started-at="2019-12-22T18:44:24Z" name="beforeClass" finished-at="2019-12-22T18:44:33Z" duration-ms="9680" status="PASS">
          <reporter-output>
          </reporter-output>
        </test-method> <!-- beforeClass -->
        <test-method signature="changeCity(java.lang.String)[pri:0, instance:Tests.TestAbilityToChangeCity@790132f7]" started-at="2019-12-22T18:44:33Z" name="changeCity" data-provider="Authentication" finished-at="2019-12-22T18:44:40Z" duration-ms="6342" status="PASS">
          <params>
            <param index="0">
              <value>
                <![CDATA[Хвалынск]]>
              </value>
            </param>
          </params>
          <reporter-output>
          </reporter-output>
        </test-method> <!-- changeCity -->
        <test-method is-config="true" signature="catchFailure(org.testng.ITestResult)[pri:0, instance:Tests.TestAbilityToChangeCity@790132f7]" started-at="2019-12-22T18:44:40Z" name="catchFailure" finished-at="2019-12-22T18:44:40Z" duration-ms="1" status="PASS">
          <params>
            <param index="0">
              <value>
                <![CDATA[[TestResult name=changeCity status=SUCCESS method=TestAbilityToChangeCity.changeCity(java.lang.String)[pri:0, instance:Tests.TestAbilityToChangeCity@790132f7] output={null}]]]>
              </value>
            </param>
          </params>
          <reporter-output>
          </reporter-output>
        </test-method> <!-- catchFailure -->
        <test-method is-config="true" signature="finish()[pri:0, instance:Tests.TestAbilityToChangeCity@790132f7]" started-at="2019-12-22T18:44:40Z" name="finish" finished-at="2019-12-22T18:44:41Z" duration-ms="935" status="PASS">
          <reporter-output>
          </reporter-output>
        </test-method> <!-- finish -->
        <test-method is-config="true" signature="beforeClass()[pri:0, instance:Tests.TestAbilityToChangeCity@790132f7]" started-at="2019-12-22T18:44:41Z" name="beforeClass" finished-at="2019-12-22T18:44:50Z" duration-ms="9849" status="PASS">
          <reporter-output>
          </reporter-output>
        </test-method> <!-- beforeClass -->
        <test-method signature="changeCity(java.lang.String)[pri:0, instance:Tests.TestAbilityToChangeCity@790132f7]" started-at="2019-12-22T18:44:50Z" name="changeCity" data-provider="Authentication" finished-at="2019-12-22T18:44:56Z" duration-ms="5686" status="PASS">
          <params>
            <param index="0">
              <value>
                <![CDATA[Хабаровск]]>
              </value>
            </param>
          </params>
          <reporter-output>
          </reporter-output>
        </test-method> <!-- changeCity -->
        <test-method is-config="true" signature="catchFailure(org.testng.ITestResult)[pri:0, instance:Tests.TestAbilityToChangeCity@790132f7]" started-at="2019-12-22T18:44:56Z" name="catchFailure" finished-at="2019-12-22T18:44:56Z" duration-ms="0" status="PASS">
          <params>
            <param index="0">
              <value>
                <![CDATA[[TestResult name=changeCity status=SUCCESS method=TestAbilityToChangeCity.changeCity(java.lang.String)[pri:0, instance:Tests.TestAbilityToChangeCity@790132f7] output={null}]]]>
              </value>
            </param>
          </params>
          <reporter-output>
          </reporter-output>
        </test-method> <!-- catchFailure -->
        <test-method is-config="true" signature="finish()[pri:0, instance:Tests.TestAbilityToChangeCity@790132f7]" started-at="2019-12-22T18:44:56Z" name="finish" finished-at="2019-12-22T18:44:57Z" duration-ms="928" status="PASS">
          <reporter-output>
          </reporter-output>
        </test-method> <!-- finish -->
        <test-method is-config="true" signature="beforeClass()[pri:0, instance:Tests.TestAbilityToChangeCity@790132f7]" started-at="2019-12-22T18:44:57Z" name="beforeClass" finished-at="2019-12-22T18:45:07Z" duration-ms="9698" status="PASS">
          <reporter-output>
          </reporter-output>
        </test-method> <!-- beforeClass -->
        <test-method signature="changeCity(java.lang.String)[pri:0, instance:Tests.TestAbilityToChangeCity@790132f7]" started-at="2019-12-22T18:45:07Z" name="changeCity" data-provider="Authentication" finished-at="2019-12-22T18:45:13Z" duration-ms="5915" status="PASS">
          <params>
            <param index="0">
              <value>
                <![CDATA[Москва]]>
              </value>
            </param>
          </params>
          <reporter-output>
          </reporter-output>
        </test-method> <!-- changeCity -->
        <test-method is-config="true" signature="catchFailure(org.testng.ITestResult)[pri:0, instance:Tests.TestAbilityToChangeCity@790132f7]" started-at="2019-12-22T18:45:13Z" name="catchFailure" finished-at="2019-12-22T18:45:13Z" duration-ms="1" status="PASS">
          <params>
            <param index="0">
              <value>
                <![CDATA[[TestResult name=changeCity status=SUCCESS method=TestAbilityToChangeCity.changeCity(java.lang.String)[pri:0, instance:Tests.TestAbilityToChangeCity@790132f7] output={null}]]]>
              </value>
            </param>
          </params>
          <reporter-output>
          </reporter-output>
        </test-method> <!-- catchFailure -->
        <test-method is-config="true" signature="finish()[pri:0, instance:Tests.TestAbilityToChangeCity@790132f7]" started-at="2019-12-22T18:45:13Z" name="finish" finished-at="2019-12-22T18:45:14Z" duration-ms="924" status="PASS">
          <reporter-output>
          </reporter-output>
        </test-method> <!-- finish -->
        <test-method is-config="true" signature="beforeClass()[pri:0, instance:Tests.TestAbilityToChangeCity@790132f7]" started-at="2019-12-22T18:45:14Z" name="beforeClass" finished-at="2019-12-22T18:45:23Z" duration-ms="9673" status="PASS">
          <reporter-output>
          </reporter-output>
        </test-method> <!-- beforeClass -->
        <test-method signature="changeCity(java.lang.String)[pri:0, instance:Tests.TestAbilityToChangeCity@790132f7]" started-at="2019-12-22T18:45:23Z" name="changeCity" data-provider="Authentication" finished-at="2019-12-22T18:45:30Z" duration-ms="6293" status="PASS">
          <params>
            <param index="0">
              <value>
                <![CDATA[Волгоград]]>
              </value>
            </param>
          </params>
          <reporter-output>
          </reporter-output>
        </test-method> <!-- changeCity -->
        <test-method is-config="true" signature="catchFailure(org.testng.ITestResult)[pri:0, instance:Tests.TestAbilityToChangeCity@790132f7]" started-at="2019-12-22T18:45:30Z" name="catchFailure" finished-at="2019-12-22T18:45:30Z" duration-ms="0" status="PASS">
          <params>
            <param index="0">
              <value>
                <![CDATA[[TestResult name=changeCity status=SUCCESS method=TestAbilityToChangeCity.changeCity(java.lang.String)[pri:0, instance:Tests.TestAbilityToChangeCity@790132f7] output={null}]]]>
              </value>
            </param>
          </params>
          <reporter-output>
          </reporter-output>
        </test-method> <!-- catchFailure -->
        <test-method is-config="true" signature="finish()[pri:0, instance:Tests.TestAbilityToChangeCity@790132f7]" started-at="2019-12-22T18:45:30Z" name="finish" finished-at="2019-12-22T18:45:31Z" duration-ms="948" status="PASS">
          <reporter-output>
          </reporter-output>
        </test-method> <!-- finish -->
      </class> <!-- Tests.TestAbilityToChangeCity -->
    </test> <!-- Surefire test -->
  </suite> <!-- Surefire suite -->
</testng-results>
